<?xml version="1.0" encoding="UTF-8"?>
<!-- Generated by org.testng.reporters.JUnitReportReporter -->
<testsuite skipped="0" hostname="SWAPNILs-Air" name="com.westconcomster.pageObjectRepo.TestNGSimpleTest" tests="1" failures="0" timestamp="4 Feb 2017 11:43:53 GMT" time="0.011" errors="0">
  <testcase name="Test1" time="0.011" classname="com.westconcomster.pageObjectRepo.TestNGSimpleTest"/>
</testsuite> <!-- com.westconcomster.pageObjectRepo.TestNGSimpleTest -->
