<?xml version="1.0" encoding="UTF-8"?>
<!-- Generated by org.testng.reporters.JUnitReportReporter -->
<testsuite skipped="0" hostname="SWAPNILs-Air" name="com.westconcomster.pageObjectRepo.TestNG" tests="1" failures="0" timestamp="4 Feb 2017 11:54:26 GMT" time="0.012" errors="0">
  <testcase name="f" time="0.012" classname="com.westconcomster.pageObjectRepo.TestNG"/>
</testsuite> <!-- com.westconcomster.pageObjectRepo.TestNG -->
